[MainThread] Logging level set to DEBUG
[MainThread] Created DB link: 'sqlite:///mltraq.db'
[MainThread] Using backend: loky
[MainThread] Executing 1 tasks on 10 workers (backend:loky)
[MainThread] Persisting experiment (table name: experiment_example)
[MainThread] Created DB link: 'sqlite:///mltraq.db'
[MainThread] Listening on 'mltraq.sock' (UNIX)
[DataStreamServer] DataStreamServer: Waiting for messages
[MainThread] Using backend: loky
[MainThread] Executing 1 tasks on 10 workers (backend:loky)
[DatabaseWriter] Loading experiment id_experiment='d65df69e-1175-44a5-be2f-2232765703b8' name='None'
[DatabaseWriter] SQL: SELECT experiment_example.id_experiment, experiment_example.id_run, experiment_example.metrics 
FROM experiment_example
[DatabaseWriter] Persisting experiment (table name: experiment_example)
[DatabaseWriter] DatabaseWriter: Processed 1 new messages for 1 experiments
[MainThread] DataStreamServer: Requested termination ...
[DataStreamServer] DataStreamServer: Cleanup ...
[DataStreamServer] DataStreamServer: Stats: count_messages=1 rate=0.98 messages/s
[DataStreamServer] DatabaseWriter: Requested termination ...
[DatabaseWriter] DatabaseWriter: No new messages to process
[DataStreamServer] DatabaseWriter: Terminated
[MainThread] DataStreamServer: Terminated
[MainThread] Loading experiment id_experiment='None' name='example'
[MainThread] SQL: SELECT experiment_example.id_experiment, experiment_example.id_run, experiment_example.metrics 
FROM experiment_example

--
Streamed metrics:
   idx                  timestamp      v
0    0 2024-04-11 16:44:42.300560  123.0
