{'app': {},
 'archivestore': {'format': 1,
                  'mode': 'x',
                  'relative_path_prefix': 'undefined',
                  'url': 'file:///mltraq.archivestore'},
 'cli': {'logging': {'format': '%(levelname)-9s '
                               '%(asctime)s  %(message)s',
                     'level': 'INFO'},
         'tabulate': {'maxcolwidths': 70}},
 'codelog': {'disable': True, 'field_name': 'codelog'},
 'database': {'ask_password': False,
              'echo': False,
              'experiment_tableprefix': 'experiment_',
              'experiments_tablename': 'experiments',
              'pool_pre_ping': True,
              'query_read_chunk_size': 1000,
              'query_write_chunk_size': 1000,
              'url': 'sqlite:///:memory:'},
 'datastore': {'relative_path_prefix': 'undefined',
               'url': 'file:///mltraq.datastore'},
 'datastream': {'cli_address': 'mltraq.sock',
                'cli_throttle_send': 0.001,
                'disable': True,
                'kind': 'UNIX',
                'srv_address': 'mltraq.sock',
                'srv_throttle_persist': 1,
                'srv_throttle_recv': 0.0001},
 'execution': {'args_field': False,
               'backend': 'loky',
               'backend_params': {},
               'exceptions': {'compact_message': False},
               'loky_chdir': True,
               'n_jobs': -1},
 'reproducibility': {'random_seed': 123,
                     'sequential_uuids': True},
 'serialization': {'compression': {'codec': 'uncompressed'},
                   'serializer': 'DataPakSerializer',
                   'store_unsafe_pickle': False},
 'sysmon': {'disable': True,
            'field_name': 'sysmon',
            'interval': 1,
            'path': '/',
            'percpu': False},
 'tqdm': {'delay': 0.5, 'disable': True, 'leave': False}}
