Serialized:
(b'C1x\x9ck`\x9d\x1a\xc7\xc8\x00\x06\xb5S4z\x84R\x12K\x12\x0b\x12\xb3'
 b'uK*\x0bRu\r\xf4\x80pJ\x8fp^inA\xa5^^JbQQb%L\x94\xb5,1\xa7'
 b'4u\x8a\x93\x02P\xfbd\xbfP\xdf\x80HF\x862\x86j\xf5\x94\xd4\xe2\xe4"'
 b'u+\x05u\x9b4\x0bu\x1d\x05\xf5\xb4\xfc\xa2\x92\xa2\xc4\xbc\xf8\xfc'
 b'\xa2\x94T\x90\xb8[bNq*P\xbc8#\xb1 \x15\xc8\xd702\xd0\xd1\xd4'
 b'Q\xa8U \x1fp1@\xc1\x8d\x808\xe7J^Q\x07\x08\xad\xea\xe0R\xc9\xfb'
 b'\xd4t\x8a>\x94o\xea\xc0\x07\xe4]\x0f\xb0\x82\x8a\xdb;\xecm\xfb'
 b'$u*\xdb\t*\xef\xea\xf0\x19\xc8\xd3X\xef\x0eU\xe7\xe5\xa0\xb9'
 b'~\xe1\x9e\xb6O>P\xf5\xfe\x0e\x1b@\\\xa9@\xa8\xbe \x07\x90'
 b'\xea\x85{\x82\xa1\xfaC\x1d\x9e\x81\xb4\xc5\x85A\xcd\tw\x80\xb8*'
 b'\xd2aJ\xa9\x1e\x00\xb4\x15of')

--
Compression codec magic prefix:
b'C1'

--
Decompressed:
(b'\x80\x05\x95^\x01\x00\x00\x00\x00\x00\x00}\x94(\x8c\x12datapak-'
 b'type-0.0.0\x94\x8c\x13numpy.ndarray-0.0.0\x94\x8c\x05value'
 b"\x94B \x01\x00\x00\x93NUMPY\x01\x00v\x00{'descr': '<f8', 'fortra"
 b"n_order': False, 'shape': (20,), }                              "
 b'                             \n\x00\x00\x00\x00\x00\x00'
 b'\x00\x00\xd8P^Cy\r\x15@\xd8P^Cy\r%@Dy\r\xe55\x94/@\xd8P^Cy\r'
 b'5@\x0e\xe55\x94\xd7P:@Dy\r\xe55\x94?@\xbd\x86\xf2\x1a\xcakB@\xd8P'
 b'^Cy\rE@\xf3\x1a\xcak(\xafG@\x0e\xe55\x94\xd7PJ@)\xaf'
 b'\xa1\xbc\x86\xf2L@Dy\r\xe55\x94O@\xb0\xa1\xbc\x86\xf2\x1a'
 b'Q@\xbd\x86\xf2\x1a\xcakR@\xcak(\xaf\xa1\xbcS@\xd8P^Cy\rU@\xe65'
 b'\x94\xd7P^V@\xf3\x1a\xcak(\xafW@\x00\x00\x00\x00\x00\x00Y@\x94u.')

--
Depickled:
{'datapak-type-0.0.0': 'numpy.ndarray-0.0.0',
 'value': b"\x93NUMPY\x01\x00v\x00{'descr': '<f8', 'fortran_order': "
          b"False, 'shape': (20,), }                                "
          b'                           \n\x00\x00\x00\x00'
          b'\x00\x00\x00\x00\xd8P^Cy\r\x15@\xd8P^Cy\r%@Dy\r\xe5'
          b'5\x94/@\xd8P^Cy\r5@\x0e\xe55\x94\xd7P:@Dy\r\xe55\x94?@'
          b'\xbd\x86\xf2\x1a\xcakB@\xd8P^Cy\rE@\xf3\x1a\xcak(\xafG@'
          b'\x0e\xe55\x94\xd7PJ@)\xaf\xa1\xbc\x86\xf2L@Dy\r\xe5'
          b'5\x94O@\xb0\xa1\xbc\x86\xf2\x1aQ@\xbd\x86\xf2\x1a\xcakR@'
          b'\xcak(\xaf\xa1\xbcS@\xd8P^Cy\rU@\xe65\x94\xd7P^V@'
          b'\xf3\x1a\xcak(\xafW@\x00\x00\x00\x00\x00\x00Y@'}

--
Numpy array:
array([  0.        ,   5.26315789,  10.52631579,  15.78947368,
        21.05263158,  26.31578947,  31.57894737,  36.84210526,
        42.10526316,  47.36842105,  52.63157895,  57.89473684,
        63.15789474,  68.42105263,  73.68421053,  78.94736842,
        84.21052632,  89.47368421,  94.73684211, 100.        ])

--
