NATIVE_DATABASE_TYPES
[ <class 'bool'>,
  <class 'int'>,
  <class 'numpy.int32'>,
  <class 'numpy.int64'>,
  <class 'float'>,
  <class 'numpy.float32'>,
  <class 'numpy.float64'>,
  <class 'str'>,
  <class 'datetime.time'>,
  <class 'datetime.datetime'>,
  <class 'datetime.date'>,
  <class 'datetime.timedelta'>,
  <class 'uuid.UUID'>,
  <class 'bytes'>]
--

BASIC_TYPES
[ <class 'bool'>,
  <class 'int'>,
  <class 'float'>,
  <class 'str'>,
  <class 'bytes'>]
--

CONTAINER_TYPES
[<class 'tuple'>, <class 'list'>, <class 'set'>, <class 'dict'>]
--

COMPLEX_TYPES
[ <class 'mltraq.utils.bunch.Bunch'>,
  <class 'mltraq.utils.sequence.Sequence'>,
  <class 'pandas.core.frame.DataFrame'>,
  <class 'pandas.core.series.Series'>,
  <class 'pyarrow.lib.Table'>,
  <class 'numpy.ndarray'>,
  <class 'uuid.UUID'>]
