
--
DEBUG     2024-06-21 13:11:16  Logging level set to DEBUG
DEBUG     2024-06-21 13:11:16  Created DB link: 'sqlite:///:memory:'
DEBUG     2024-06-21 13:11:16  Using backend: loky
DEBUG     2024-06-21 13:11:16  Executing 10 tasks on 2 workers (backend:loky)
DEBUG     2024-06-21 13:11:17  Encountered exception in task, propagating to main process
DEBUG     2024-06-21 13:11:17  Executed 4 of 10 tasks (40%) with return_as=generator_unordered
TestException at failfast.py:20::faulty_step "<unkown>": test error
ERROR     2024-08-16 13:01:08  exception calling callback for <Future at 0x10f52d640 state=finished returned list>
Traceback (most recent call last):
  File "/Users/michele/dev/mltraq/.venv/lib/python3.9/site-packages/joblib/externals/loky/_base.py", line 26, in _invoke_callbacks
    callback(self)
  File "/Users/michele/dev/mltraq/.venv/lib/python3.9/site-packages/joblib/parallel.py", line 828, in __call__
    self._dispatch_new()
  File "/Users/michele/dev/mltraq/.venv/lib/python3.9/site-packages/joblib/parallel.py", line 843, in _dispatch_new
    self.parallel.dispatch_next()
  File "/Users/michele/dev/mltraq/.venv/lib/python3.9/site-packages/joblib/parallel.py", line 1429, in dispatch_next
    if not self.dispatch_one_batch(self._original_iterator):
  File "/Users/michele/dev/mltraq/.venv/lib/python3.9/site-packages/joblib/parallel.py", line 1517, in dispatch_one_batch
    self._dispatch(tasks)
  File "/Users/michele/dev/mltraq/.venv/lib/python3.9/site-packages/joblib/parallel.py", line 1418, in _dispatch
    job = self._backend.apply_async(batch, callback=batch_tracker)
  File "/Users/michele/dev/mltraq/.venv/lib/python3.9/site-packages/joblib/_parallel_backends.py", line 588, in apply_async
    future = self._workers.submit(func)
  File "/Users/michele/dev/mltraq/.venv/lib/python3.9/site-packages/joblib/externals/loky/reusable_executor.py", line 225, in submit
    return super().submit(fn, *args, **kwargs)
  File "/Users/michele/dev/mltraq/.venv/lib/python3.9/site-packages/joblib/externals/loky/process_executor.py", line 1235, in submit
    raise RuntimeError(
RuntimeError: cannot schedule new futures after interpreter shutdown
--


